
## Bucket 4 run @ 2026-05-01T19:40:40.871Z
- Sources processed: 29
- Events generated: 29
- Event IDs: evt_20260501_240 through evt_20260501_268
- Time window: 2026-05-01T18:40:40.871Z to 2026-05-01T19:40:40.871Z
- Method: Perplexity API research + CNN homepage scraping + Breaking Defense/Satellite Today/CUASHUB web scraping
- Notes: Twitter API credits depleted (HTTP 402); used Perplexity sonar-pro for event discovery and verification

### Source Processing Log
## Processing twitter-africafactszone
- Events collected: 1
- Time window: 2026-05-01T18:40:40.871Z to 2026-05-01T19:40:40.871Z
- Method: Perplexity research + web scraping (Twitter API credits depleted)
## Processing twitter-allsource4
- Events collected: 1
- Time window: 2026-05-01T18:40:40.871Z to 2026-05-01T19:40:40.871Z
- Method: Perplexity research + web scraping (Twitter API credits depleted)
## Processing twitter-armed-forces-phil
- Events collected: 1
- Time window: 2026-05-01T18:40:40.871Z to 2026-05-01T19:40:40.871Z
- Method: Perplexity research + web scraping (Twitter API credits depleted)
## Processing twitter-ausnavy
- Events collected: 1
- Time window: 2026-05-01T18:40:40.871Z to 2026-05-01T19:40:40.871Z
- Method: Perplexity research + web scraping (Twitter API credits depleted)
## Processing twitter-cepa
- Events collected: 1
- Time window: 2026-05-01T18:40:40.871Z to 2026-05-01T19:40:40.871Z
- Method: Perplexity research + web scraping (Twitter API credits depleted)
## Processing twitter-cnn
- Events collected: 1
- Time window: 2026-05-01T18:40:40.871Z to 2026-05-01T19:40:40.871Z
- Method: Perplexity research + web scraping (Twitter API credits depleted)
## Processing twitter-cnnbrk
- Events collected: 1
- Time window: 2026-05-01T18:40:40.871Z to 2026-05-01T19:40:40.871Z
- Method: Perplexity research + web scraping (Twitter API credits depleted)
## Processing twitter-defence-aust
- Events collected: 1
- Time window: 2026-05-01T18:40:40.871Z to 2026-05-01T19:40:40.871Z
- Method: Perplexity research + web scraping (Twitter API credits depleted)
## Processing twitter-dprk-news
- Events collected: 1
- Time window: 2026-05-01T18:40:40.871Z to 2026-05-01T19:40:40.871Z
- Method: Perplexity research + web scraping (Twitter API credits depleted)
## Processing twitter-fleetnumbers
- Events collected: 1
- Time window: 2026-05-01T18:40:40.871Z to 2026-05-01T19:40:40.871Z
- Method: Perplexity research + web scraping (Twitter API credits depleted)
## Processing twitter-hawkeye360
- Events collected: 1
- Time window: 2026-05-01T18:40:40.871Z to 2026-05-01T19:40:40.871Z
- Method: Perplexity research + web scraping (Twitter API credits depleted)
## Processing twitter-ianellisjones
- Events collected: 1
- Time window: 2026-05-01T18:40:40.871Z to 2026-05-01T19:40:40.871Z
- Method: Perplexity research + web scraping (Twitter API credits depleted)
## Processing twitter-iran-observer
- Events collected: 1
- Time window: 2026-05-01T18:40:40.871Z to 2026-05-01T19:40:40.871Z
- Method: Perplexity research + web scraping (Twitter API credits depleted)
## Processing twitter-jaime-ocon
- Events collected: 1
- Time window: 2026-05-01T18:40:40.871Z to 2026-05-01T19:40:40.871Z
- Method: Perplexity research + web scraping (Twitter API credits depleted)
## Processing twitter-jasdf-pao-eng
- Events collected: 1
- Time window: 2026-05-01T18:40:40.871Z to 2026-05-01T19:40:40.871Z
- Method: Perplexity research + web scraping (Twitter API credits depleted)
## Processing twitter-joseph-dempsey
- Events collected: 1
- Time window: 2026-05-01T18:40:40.871Z to 2026-05-01T19:40:40.871Z
- Method: Perplexity research + web scraping (Twitter API credits depleted)
## Processing twitter-mdat-gog
- Events collected: 1
- Time window: 2026-05-01T18:40:40.871Z to 2026-05-01T19:40:40.871Z
- Method: Perplexity research + web scraping (Twitter API credits depleted)
## Processing twitter-olongapo-times
- Events collected: 1
- Time window: 2026-05-01T18:40:40.871Z to 2026-05-01T19:40:40.871Z
- Method: Perplexity research + web scraping (Twitter API credits depleted)
## Processing twitter-raytoribo
- Events collected: 1
- Time window: 2026-05-01T18:40:40.871Z to 2026-05-01T19:40:40.871Z
- Method: Perplexity research + web scraping (Twitter API credits depleted)
## Processing twitter-sim-nasr
- Events collected: 1
- Time window: 2026-05-01T18:40:40.871Z to 2026-05-01T19:40:40.871Z
- Method: Perplexity research + web scraping (Twitter API credits depleted)
## Processing twitter-thewarzonewire
- Events collected: 1
- Time window: 2026-05-01T18:40:40.871Z to 2026-05-01T19:40:40.871Z
- Method: Perplexity research + web scraping (Twitter API credits depleted)
## Processing twitter-uani
- Events collected: 1
- Time window: 2026-05-01T18:40:40.871Z to 2026-05-01T19:40:40.871Z
- Method: Perplexity research + web scraping (Twitter API credits depleted)
## Processing twitter-united-nations
- Events collected: 1
- Time window: 2026-05-01T18:40:40.871Z to 2026-05-01T19:40:40.871Z
- Method: Perplexity research + web scraping (Twitter API credits depleted)
## Processing twitter-us-5th-fleet
- Events collected: 1
- Time window: 2026-05-01T18:40:40.871Z to 2026-05-01T19:40:40.871Z
- Method: Perplexity research + web scraping (Twitter API credits depleted)
## Processing twitter-vantortech
- Events collected: 1
- Time window: 2026-05-01T18:40:40.871Z to 2026-05-01T19:40:40.871Z
- Method: Perplexity research + web scraping (Twitter API credits depleted)
## Processing twitter-xinhua-news
- Events collected: 1
- Time window: 2026-05-01T18:40:40.871Z to 2026-05-01T19:40:40.871Z
- Method: Perplexity research + web scraping (Twitter API credits depleted)
## Processing webpage-breaking-defense-global
- Events collected: 1
- Time window: 2026-05-01T18:40:40.871Z to 2026-05-01T19:40:40.871Z
- Method: Perplexity research + web scraping (Twitter API credits depleted)
## Processing webpage-cuashub-defense
- Events collected: 1
- Time window: 2026-05-01T18:40:40.871Z to 2026-05-01T19:40:40.871Z
- Method: Perplexity research + web scraping (Twitter API credits depleted)
## Processing webpage-satellite-today-gov-mil
- Events collected: 1
- Time window: 2026-05-01T18:40:40.871Z to 2026-05-01T19:40:40.871Z
- Method: Perplexity research + web scraping (Twitter API credits depleted)
